[0.013s] Invoking command in '/home/abhilash-ts434/Documents/ros2_ws/build/my_cpp_pkg': CMAKE_PREFIX_PATH=${CMAKE_PREFIX_PATH}:/home/abhilash-ts434/Documents/ros2_ws/install/my_py_pkg:/opt/ros/humble /usr/bin/cmake --build /home/abhilash-ts434/Documents/ros2_ws/build/my_cpp_pkg -- -j16 -l16
[0.040s] [35m[1mConsolidate compiler generated dependencies of target oop_node[0m
[0.048s] [ 50%] Built target cpp_node
[0.052s] [ 75%] [32mBuilding CXX object CMakeFiles/oop_node.dir/src/oop_cpp_node.cpp.o[0m
[1.381s] In file included from [01m[K/opt/ros/humble/include/rclcpp/rclcpp/client.hpp:40[m[K,
[1.381s]                  from [01m[K/opt/ros/humble/include/rclcpp/rclcpp/callback_group.hpp:24[m[K,
[1.381s]                  from [01m[K/opt/ros/humble/include/rclcpp/rclcpp/any_executable.hpp:20[m[K,
[1.381s]                  from [01m[K/opt/ros/humble/include/rclcpp/rclcpp/memory_strategy.hpp:25[m[K,
[1.381s]                  from [01m[K/opt/ros/humble/include/rclcpp/rclcpp/memory_strategies.hpp:18[m[K,
[1.381s]                  from [01m[K/opt/ros/humble/include/rclcpp/rclcpp/executor_options.hpp:20[m[K,
[1.381s]                  from [01m[K/opt/ros/humble/include/rclcpp/rclcpp/executor.hpp:37[m[K,
[1.381s]                  from [01m[K/opt/ros/humble/include/rclcpp/rclcpp/executors/multi_threaded_executor.hpp:25[m[K,
[1.381s]                  from [01m[K/opt/ros/humble/include/rclcpp/rclcpp/executors.hpp:21[m[K,
[1.381s]                  from [01m[K/opt/ros/humble/include/rclcpp/rclcpp/rclcpp.hpp:155[m[K,
[1.381s]                  from [01m[K/home/abhilash-ts434/Documents/ros2_ws/src/my_cpp_pkg/src/oop_cpp_node.cpp:3[m[K:
[1.381s] [01m[K/home/abhilash-ts434/Documents/ros2_ws/src/my_cpp_pkg/src/oop_cpp_node.cpp:[m[K In constructor â€˜[01m[KMyNode::MyNode()[m[Kâ€™:
[1.381s] [01m[K/home/abhilash-ts434/Documents/ros2_ws/src/my_cpp_pkg/src/oop_cpp_node.cpp:10:21:[m[K [01;31m[Kerror: [m[Kâ€˜[01m[Knode[m[Kâ€™ was not declared in this scope; did you mean â€˜[01m[KNode[m[Kâ€™?
[1.381s]    10 |         RCLCPP_INFO([01;31m[Knode[m[K->get_logger(),"Hello Cpp Node");
[1.381s]       |                     [01;31m[K^~~~[m[K
[1.381s] [01m[K/home/abhilash-ts434/Documents/ros2_ws/src/my_cpp_pkg/src/oop_cpp_node.cpp:10:9:[m[K [01;31m[Kerror: [m[Ktemplate argument 1 is invalid
[1.381s]    10 |         [01;31m[KRCLCPP_INFO[m[K(node->get_logger(),"Hello Cpp Node");
[1.381s]       |         [01;31m[K^~~~~~~~~~~[m[K
[1.381s] [01m[K/home/abhilash-ts434/Documents/ros2_ws/src/my_cpp_pkg/src/oop_cpp_node.cpp:10:9:[m[K [01;31m[Kerror: [m[Ktemplate argument 1 is invalid
[1.381s]    10 |         [01;31m[KRCLCPP_INFO[m[K(node->get_logger(),"Hello Cpp Node");
[1.381s]       |         [01;31m[K^~~~~~~~~~~[m[K
[1.382s] [01m[K/home/abhilash-ts434/Documents/ros2_ws/src/my_cpp_pkg/src/oop_cpp_node.cpp:10:9:[m[K [01;31m[Kerror: [m[Ktemplate argument 1 is invalid
[1.382s]    10 |         [01;31m[KRCLCPP_INFO[m[K(node->get_logger(),"Hello Cpp Node");
[1.382s]       |         [01;31m[K^~~~~~~~~~~[m[K
[1.648s] gmake[2]: *** [CMakeFiles/oop_node.dir/build.make:76: CMakeFiles/oop_node.dir/src/oop_cpp_node.cpp.o] Error 1
[1.648s] gmake[1]: *** [CMakeFiles/Makefile2:165: CMakeFiles/oop_node.dir/all] Error 2
[1.649s] gmake: *** [Makefile:146: all] Error 2
[1.650s] Invoked command in '/home/abhilash-ts434/Documents/ros2_ws/build/my_cpp_pkg' returned '2': CMAKE_PREFIX_PATH=${CMAKE_PREFIX_PATH}:/home/abhilash-ts434/Documents/ros2_ws/install/my_py_pkg:/opt/ros/humble /usr/bin/cmake --build /home/abhilash-ts434/Documents/ros2_ws/build/my_cpp_pkg -- -j16 -l16
