[33mCMake Warning (dev) at CMakeLists.txt:12 (add_executable):
  Policy CMP0115 is not set: Source file extensions must be explicit.  Run
  "cmake --help-policy CMP0115" for policy details.  Use the cmake_policy
  command to set the policy and suppress this warning.

  File:

    /home/abhilash-ts434/Documents/ros2_ws/src/my_cpp_pkg/src/first_cpp_node.cpp
This warning is for project developers.  Use -Wno-dev to suppress it.
[0m
[01m[K/home/abhilash-ts434/Documents/ros2_ws/src/my_cpp_pkg/src/first_cpp_node.cpp:[m[K In function â€˜[01m[Kint main(int, char**)[m[Kâ€™:
[01m[K/home/abhilash-ts434/Documents/ros2_ws/src/my_cpp_pkg/src/first_cpp_node.cpp:7:28:[m[K [01;31m[Kerror: [m[Kexpected â€˜[01m[K;[m[Kâ€™ before â€˜[01m[Kauto[m[Kâ€™
    7 |     rclcpp::init(argc,argv)
      |                            [01;31m[K^[m[K
      |                            [32m[K;[m[K
    8 |     [32m[Kauto[m[K node = std::make_shared<rclcpp::Node>("cpp_test");
      |     [32m[K~~~~[m[K                    
In file included from [01m[K/opt/ros/humble/include/rclcpp/rclcpp/client.hpp:40[m[K,
                 from [01m[K/opt/ros/humble/include/rclcpp/rclcpp/callback_group.hpp:24[m[K,
                 from [01m[K/opt/ros/humble/include/rclcpp/rclcpp/any_executable.hpp:20[m[K,
                 from [01m[K/opt/ros/humble/include/rclcpp/rclcpp/memory_strategy.hpp:25[m[K,
                 from [01m[K/opt/ros/humble/include/rclcpp/rclcpp/memory_strategies.hpp:18[m[K,
                 from [01m[K/opt/ros/humble/include/rclcpp/rclcpp/executor_options.hpp:20[m[K,
                 from [01m[K/opt/ros/humble/include/rclcpp/rclcpp/executor.hpp:37[m[K,
                 from [01m[K/opt/ros/humble/include/rclcpp/rclcpp/executors/multi_threaded_executor.hpp:25[m[K,
                 from [01m[K/opt/ros/humble/include/rclcpp/rclcpp/executors.hpp:21[m[K,
                 from [01m[K/opt/ros/humble/include/rclcpp/rclcpp/rclcpp.hpp:155[m[K,
                 from [01m[K/home/abhilash-ts434/Documents/ros2_ws/src/my_cpp_pkg/src/first_cpp_node.cpp:3[m[K:
[01m[K/home/abhilash-ts434/Documents/ros2_ws/src/my_cpp_pkg/src/first_cpp_node.cpp:9:17:[m[K [01;31m[Kerror: [m[Kâ€˜[01m[Knode[m[Kâ€™ was not declared in this scope
    9 |     RCLCPP_INFO([01;31m[Knode[m[K->get_logger(),"Hello Cpp Node");
      |                 [01;31m[K^~~~[m[K
[01m[K/home/abhilash-ts434/Documents/ros2_ws/src/my_cpp_pkg/src/first_cpp_node.cpp:9:5:[m[K [01;31m[Kerror: [m[Ktemplate argument 1 is invalid
    9 |     [01;31m[KRCLCPP_INFO[m[K(node->get_logger(),"Hello Cpp Node");
      |     [01;31m[K^~~~~~~~~~~[m[K
[01m[K/home/abhilash-ts434/Documents/ros2_ws/src/my_cpp_pkg/src/first_cpp_node.cpp:9:5:[m[K [01;31m[Kerror: [m[Ktemplate argument 1 is invalid
    9 |     [01;31m[KRCLCPP_INFO[m[K(node->get_logger(),"Hello Cpp Node");
      |     [01;31m[K^~~~~~~~~~~[m[K
[01m[K/home/abhilash-ts434/Documents/ros2_ws/src/my_cpp_pkg/src/first_cpp_node.cpp:9:5:[m[K [01;31m[Kerror: [m[Ktemplate argument 1 is invalid
    9 |     [01;31m[KRCLCPP_INFO[m[K(node->get_logger(),"Hello Cpp Node");
      |     [01;31m[K^~~~~~~~~~~[m[K
[01m[K/home/abhilash-ts434/Documents/ros2_ws/src/my_cpp_pkg/src/first_cpp_node.cpp:10:18:[m[K [01;31m[Kerror: [m[Kâ€˜[01m[Knode[m[Kâ€™ was not declared in this scope
   10 |     rclcpp::spin([01;31m[Knode[m[K);
      |                  [01;31m[K^~~~[m[K
gmake[2]: *** [CMakeFiles/cpp_node.dir/build.make:76: CMakeFiles/cpp_node.dir/src/first_cpp_node.cpp.o] Error 1
gmake[1]: *** [CMakeFiles/Makefile2:137: CMakeFiles/cpp_node.dir/all] Error 2
gmake: *** [Makefile:146: all] Error 2
