[0.000000] (-) TimerEvent: {}
[0.000155] (-) JobUnselected: {'identifier': 'my_py_pkg'}
[0.000286] (my_cpp_pkg) JobQueued: {'identifier': 'my_cpp_pkg', 'dependencies': OrderedDict()}
[0.000361] (my_cpp_pkg) JobStarted: {'identifier': 'my_cpp_pkg'}
[0.005699] (my_cpp_pkg) JobProgress: {'identifier': 'my_cpp_pkg', 'progress': 'cmake'}
[0.012156] (my_cpp_pkg) JobProgress: {'identifier': 'my_cpp_pkg', 'progress': 'build'}
[0.012266] (my_cpp_pkg) Command: {'cmd': ['/usr/bin/cmake', '--build', '/home/abhilash-ts434/Documents/ros2_ws/build/my_cpp_pkg', '--', '-j16', '-l16'], 'cwd': '/home/abhilash-ts434/Documents/ros2_ws/build/my_cpp_pkg', 'env': OrderedDict([('LESSOPEN', '| /usr/bin/lesspipe %s'), ('TMUX', '/tmp/tmux-1002/default,35836,1'), ('LANGUAGE', 'en_IN:en'), ('USER', 'abhilash-ts434'), ('XDG_SESSION_TYPE', 'x11'), ('SHLVL', '2'), ('LD_LIBRARY_PATH', '/opt/ros/humble/opt/rviz_ogre_vendor/lib:/opt/ros/humble/lib/x86_64-linux-gnu:/opt/ros/humble/lib'), ('HOME', '/home/abhilash-ts434'), ('OLDPWD', '/home/abhilash-ts434/Documents/ros2_ws/src'), ('TERM_PROGRAM_VERSION', '3.2a'), ('DESKTOP_SESSION', 'ubuntu'), ('ROS_PYTHON_VERSION', '3'), ('GNOME_SHELL_SESSION_MODE', 'ubuntu'), ('GTK_MODULES', 'gail:atk-bridge'), ('DBUS_STARTER_BUS_TYPE', 'session'), ('SYSTEMD_EXEC_PID', '3573'), ('DBUS_SESSION_BUS_ADDRESS', 'unix:path=/run/user/1002/bus,guid=fdd97c47ec1dfc87f8a18bf467bd36c8'), ('COLORTERM', 'truecolor'), ('COLCON_PREFIX_PATH', '/home/abhilash-ts434/Documents/ros2_ws/install:/home/abhilash-ts434/Documents/ros2_ws/src/install/my_cpp_pkg/lib/my_cpp_pkg/install'), ('ROS_DISTRO', 'humble'), ('GTK_IM_MODULE', 'ibus'), ('LOGNAME', 'abhilash-ts434'), ('_', '/usr/bin/colcon'), ('ROS_VERSION', '2'), ('XDG_SESSION_CLASS', 'user'), ('USERNAME', 'abhilash-ts434'), ('TERM', 'screen'), ('GNOME_DESKTOP_SESSION_ID', 'this-is-deprecated'), ('ROS_LOCALHOST_ONLY', '0'), ('WINDOWPATH', '2'), ('PATH', '/opt/ros/humble/bin:/usr/local/sbin:/usr/local/bin:/usr/sbin:/usr/bin:/sbin:/bin:/usr/games:/usr/local/games:/snap/bin:/snap/bin'), ('SESSION_MANAGER', 'local/abhilash-ts434:@/tmp/.ICE-unix/3573,unix/abhilash-ts434:/tmp/.ICE-unix/3573'), ('XDG_MENU_PREFIX', 'gnome-'), ('GNOME_TERMINAL_SCREEN', '/org/gnome/Terminal/screen/5461b92f_369e_4b59_8538_9b492588cf39'), ('XDG_RUNTIME_DIR', '/run/user/1002'), ('DISPLAY', ':1'), ('LANG', 'en_US.UTF-8'), ('XDG_CURRENT_DESKTOP', 'ubuntu:GNOME'), ('XMODIFIERS', '@im=ibus'), ('XDG_SESSION_DESKTOP', 'ubuntu'), ('XAUTHORITY', '/run/user/1002/gdm/Xauthority'), ('LS_COLORS', 'rs=0:di=01;34:ln=01;36:mh=00:pi=40;33:so=01;35:do=01;35:bd=40;33;01:cd=40;33;01:or=40;31;01:mi=00:su=37;41:sg=30;43:ca=30;41:tw=30;42:ow=34;42:st=37;44:ex=01;32:*.tar=01;31:*.tgz=01;31:*.arc=01;31:*.arj=01;31:*.taz=01;31:*.lha=01;31:*.lz4=01;31:*.lzh=01;31:*.lzma=01;31:*.tlz=01;31:*.txz=01;31:*.tzo=01;31:*.t7z=01;31:*.zip=01;31:*.z=01;31:*.dz=01;31:*.gz=01;31:*.lrz=01;31:*.lz=01;31:*.lzo=01;31:*.xz=01;31:*.zst=01;31:*.tzst=01;31:*.bz2=01;31:*.bz=01;31:*.tbz=01;31:*.tbz2=01;31:*.tz=01;31:*.deb=01;31:*.rpm=01;31:*.jar=01;31:*.war=01;31:*.ear=01;31:*.sar=01;31:*.rar=01;31:*.alz=01;31:*.ace=01;31:*.zoo=01;31:*.cpio=01;31:*.7z=01;31:*.rz=01;31:*.cab=01;31:*.wim=01;31:*.swm=01;31:*.dwm=01;31:*.esd=01;31:*.jpg=01;35:*.jpeg=01;35:*.mjpg=01;35:*.mjpeg=01;35:*.gif=01;35:*.bmp=01;35:*.pbm=01;35:*.pgm=01;35:*.ppm=01;35:*.tga=01;35:*.xbm=01;35:*.xpm=01;35:*.tif=01;35:*.tiff=01;35:*.png=01;35:*.svg=01;35:*.svgz=01;35:*.mng=01;35:*.pcx=01;35:*.mov=01;35:*.mpg=01;35:*.mpeg=01;35:*.m2v=01;35:*.mkv=01;35:*.webm=01;35:*.webp=01;35:*.ogm=01;35:*.mp4=01;35:*.m4v=01;35:*.mp4v=01;35:*.vob=01;35:*.qt=01;35:*.nuv=01;35:*.wmv=01;35:*.asf=01;35:*.rm=01;35:*.rmvb=01;35:*.flc=01;35:*.avi=01;35:*.fli=01;35:*.flv=01;35:*.gl=01;35:*.dl=01;35:*.xcf=01;35:*.xwd=01;35:*.yuv=01;35:*.cgm=01;35:*.emf=01;35:*.ogv=01;35:*.ogx=01;35:*.aac=00;36:*.au=00;36:*.flac=00;36:*.m4a=00;36:*.mid=00;36:*.midi=00;36:*.mka=00;36:*.mp3=00;36:*.mpc=00;36:*.ogg=00;36:*.ra=00;36:*.wav=00;36:*.oga=00;36:*.opus=00;36:*.spx=00;36:*.xspf=00;36:'), ('GNOME_TERMINAL_SERVICE', ':1.123'), ('TERM_PROGRAM', 'tmux'), ('SSH_AGENT_LAUNCHER', 'gnome-keyring'), ('SSH_AUTH_SOCK', '/run/user/1002/keyring/ssh'), ('AMENT_PREFIX_PATH', '/home/abhilash-ts434/Documents/ros2_ws/install/my_cpp_pkg:/home/abhilash-ts434/Documents/ros2_ws/install/my_py_pkg:/opt/ros/humble'), ('SHELL', '/bin/bash'), ('QT_ACCESSIBILITY', '1'), ('GDMSESSION', 'ubuntu'), ('LESSCLOSE', '/usr/bin/lesspipe %s %s'), ('GPG_AGENT_INFO', '/run/user/1002/gnupg/S.gpg-agent:0:1'), ('QT_IM_MODULE', 'ibus'), ('PWD', '/home/abhilash-ts434/Documents/ros2_ws/build/my_cpp_pkg'), ('LC_ALL', 'en_US.UTF-8'), ('XDG_CONFIG_DIRS', '/etc/xdg/xdg-ubuntu:/etc/xdg'), ('RMW_FASTRTPS_LOG_LEVEL', 'DEBUG'), ('DBUS_STARTER_ADDRESS', 'unix:path=/run/user/1002/bus,guid=fdd97c47ec1dfc87f8a18bf467bd36c8'), ('XDG_DATA_DIRS', '/usr/share/ubuntu:/usr/share/gnome:/usr/local/share/:/usr/share/:/var/lib/snapd/desktop'), ('PYTHONPATH', '/home/abhilash-ts434/Documents/ros2_ws/install/my_py_pkg/lib/python3.10/site-packages:/opt/ros/humble/lib/python3.10/site-packages:/opt/ros/humble/local/lib/python3.10/dist-packages'), ('COLCON', '1'), ('VTE_VERSION', '6800'), ('TMUX_PANE', '%2'), ('CMAKE_PREFIX_PATH', '/home/abhilash-ts434/Documents/ros2_ws/install/my_cpp_pkg:/home/abhilash-ts434/Documents/ros2_ws/install/my_py_pkg:/opt/ros/humble')]), 'shell': False}
[0.030018] (my_cpp_pkg) StdoutLine: {'line': b'-- Found ament_cmake: 1.3.11 (/opt/ros/humble/share/ament_cmake/cmake)\n'}
[0.099998] (-) TimerEvent: {}
[0.108722] (my_cpp_pkg) StdoutLine: {'line': b'-- Found rclcpp: 16.0.11 (/opt/ros/humble/share/rclcpp/cmake)\n'}
[0.125646] (my_cpp_pkg) StdoutLine: {'line': b'-- Found rosidl_generator_c: 3.1.6 (/opt/ros/humble/share/rosidl_generator_c/cmake)\n'}
[0.127207] (my_cpp_pkg) StdoutLine: {'line': b'-- Found rosidl_adapter: 3.1.6 (/opt/ros/humble/share/rosidl_adapter/cmake)\n'}
[0.130831] (my_cpp_pkg) StdoutLine: {'line': b'-- Found rosidl_generator_cpp: 3.1.6 (/opt/ros/humble/share/rosidl_generator_cpp/cmake)\n'}
[0.136929] (my_cpp_pkg) StdoutLine: {'line': b'-- Using all available rosidl_typesupport_c: rosidl_typesupport_fastrtps_c;rosidl_typesupport_introspection_c\n'}
[0.144268] (my_cpp_pkg) StdoutLine: {'line': b'-- Using all available rosidl_typesupport_cpp: rosidl_typesupport_fastrtps_cpp;rosidl_typesupport_introspection_cpp\n'}
[0.162678] (my_cpp_pkg) StdoutLine: {'line': b'-- Found rmw_implementation_cmake: 6.1.2 (/opt/ros/humble/share/rmw_implementation_cmake/cmake)\n'}
[0.163515] (my_cpp_pkg) StdoutLine: {'line': b'-- Found rmw_fastrtps_cpp: 6.2.7 (/opt/ros/humble/share/rmw_fastrtps_cpp/cmake)\n'}
[0.200127] (-) TimerEvent: {}
[0.218895] (my_cpp_pkg) StdoutLine: {'line': b"-- Using RMW implementation 'rmw_fastrtps_cpp' as default\n"}
[0.285813] (my_cpp_pkg) StdoutLine: {'line': b'-- Configuring done\n'}
[0.287229] (my_cpp_pkg) StderrLine: {'line': b'\x1b[33mCMake Warning (dev) at CMakeLists.txt:12 (add_executable):\n'}
[0.287330] (my_cpp_pkg) StderrLine: {'line': b'  Policy CMP0115 is not set: Source file extensions must be explicit.  Run\n'}
[0.287387] (my_cpp_pkg) StderrLine: {'line': b'  "cmake --help-policy CMP0115" for policy details.  Use the cmake_policy\n'}
[0.287429] (my_cpp_pkg) StderrLine: {'line': b'  command to set the policy and suppress this warning.\n'}
[0.287472] (my_cpp_pkg) StderrLine: {'line': b'\n'}
[0.287511] (my_cpp_pkg) StderrLine: {'line': b'  File:\n'}
[0.287547] (my_cpp_pkg) StderrLine: {'line': b'\n'}
[0.287630] (my_cpp_pkg) StderrLine: {'line': b'    /home/abhilash-ts434/Documents/ros2_ws/src/my_cpp_pkg/src/first_cpp_node.cpp\n'}
[0.287667] (my_cpp_pkg) StderrLine: {'line': b'This warning is for project developers.  Use -Wno-dev to suppress it.\n'}
[0.287703] (my_cpp_pkg) StderrLine: {'line': b'\x1b[0m\n'}
[0.287739] (my_cpp_pkg) StderrLine: {'line': b'\x1b[33mCMake Warning (dev) at CMakeLists.txt:13 (add_executable):\n'}
[0.287775] (my_cpp_pkg) StderrLine: {'line': b'  Policy CMP0115 is not set: Source file extensions must be explicit.  Run\n'}
[0.287811] (my_cpp_pkg) StderrLine: {'line': b'  "cmake --help-policy CMP0115" for policy details.  Use the cmake_policy\n'}
[0.287846] (my_cpp_pkg) StderrLine: {'line': b'  command to set the policy and suppress this warning.\n'}
[0.287886] (my_cpp_pkg) StderrLine: {'line': b'\n'}
[0.287921] (my_cpp_pkg) StderrLine: {'line': b'  File:\n'}
[0.287956] (my_cpp_pkg) StderrLine: {'line': b'\n'}
[0.287990] (my_cpp_pkg) StderrLine: {'line': b'    /home/abhilash-ts434/Documents/ros2_ws/src/my_cpp_pkg/src/oop_cpp_node.cpp\n'}
[0.288025] (my_cpp_pkg) StderrLine: {'line': b'This warning is for project developers.  Use -Wno-dev to suppress it.\n'}
[0.288072] (my_cpp_pkg) StderrLine: {'line': b'\x1b[0m\n'}
[0.293569] (my_cpp_pkg) StdoutLine: {'line': b'-- Generating done\n'}
[0.296708] (my_cpp_pkg) StdoutLine: {'line': b'-- Build files have been written to: /home/abhilash-ts434/Documents/ros2_ws/build/my_cpp_pkg\n'}
[0.300218] (-) TimerEvent: {}
[0.314495] (my_cpp_pkg) StdoutLine: {'line': b'\x1b[35m\x1b[1mConsolidate compiler generated dependencies of target cpp_node\x1b[0m\n'}
[0.320758] (my_cpp_pkg) StdoutLine: {'line': b'[ 25%] \x1b[32mBuilding CXX object CMakeFiles/oop_node.dir/src/oop_cpp_node.cpp.o\x1b[0m\n'}
[0.327959] (my_cpp_pkg) StdoutLine: {'line': b'[ 75%] Built target cpp_node\n'}
[0.400333] (-) TimerEvent: {}
[0.500699] (-) TimerEvent: {}
[0.601042] (-) TimerEvent: {}
[0.701384] (-) TimerEvent: {}
[0.801717] (-) TimerEvent: {}
[0.902050] (-) TimerEvent: {}
[1.002398] (-) TimerEvent: {}
[1.102734] (-) TimerEvent: {}
[1.203070] (-) TimerEvent: {}
[1.303434] (-) TimerEvent: {}
[1.403785] (-) TimerEvent: {}
[1.504131] (-) TimerEvent: {}
[1.604518] (-) TimerEvent: {}
[1.635792] (my_cpp_pkg) StderrLine: {'line': b'\x1b[01m\x1b[K/home/abhilash-ts434/Documents/ros2_ws/src/my_cpp_pkg/src/oop_cpp_node.cpp:5:7:\x1b[m\x1b[K \x1b[01;31m\x1b[Kerror: \x1b[m\x1b[K\xe2\x80\x98\x1b[01m\x1b[KMyNode\x1b[m\x1b[K\xe2\x80\x99 has not been declared\n'}
[1.635958] (my_cpp_pkg) StderrLine: {'line': b'    5 | class \x1b[01;31m\x1b[KMyNode\x1b[m\x1b[K::public rclcpp::Node\n'}
[1.636003] (my_cpp_pkg) StderrLine: {'line': b'      |       \x1b[01;31m\x1b[K^~~~~~\x1b[m\x1b[K\n'}
[1.636041] (my_cpp_pkg) StderrLine: {'line': b'\x1b[01m\x1b[K/home/abhilash-ts434/Documents/ros2_ws/src/my_cpp_pkg/src/oop_cpp_node.cpp:5:15:\x1b[m\x1b[K \x1b[01;31m\x1b[Kerror: \x1b[m\x1b[Kexpected identifier before \xe2\x80\x98\x1b[01m\x1b[Kpublic\x1b[m\x1b[K\xe2\x80\x99\n'}
[1.636078] (my_cpp_pkg) StderrLine: {'line': b'    5 | class MyNode::\x1b[01;31m\x1b[Kpublic\x1b[m\x1b[K rclcpp::Node\n'}
[1.636114] (my_cpp_pkg) StderrLine: {'line': b'      |               \x1b[01;31m\x1b[K^~~~~~\x1b[m\x1b[K\n'}
[1.636149] (my_cpp_pkg) StderrLine: {'line': b'\x1b[01m\x1b[K/home/abhilash-ts434/Documents/ros2_ws/src/my_cpp_pkg/src/oop_cpp_node.cpp:5:15:\x1b[m\x1b[K \x1b[01;31m\x1b[Kerror: \x1b[m\x1b[Kexpected unqualified-id before \xe2\x80\x98\x1b[01m\x1b[Kpublic\x1b[m\x1b[K\xe2\x80\x99\n'}
[1.638206] (my_cpp_pkg) StderrLine: {'line': b'\x1b[01m\x1b[K/home/abhilash-ts434/Documents/ros2_ws/src/my_cpp_pkg/src/oop_cpp_node.cpp:\x1b[m\x1b[K In function \xe2\x80\x98\x1b[01m\x1b[Kint main(int, char**)\x1b[m\x1b[K\xe2\x80\x99:\n'}
[1.638281] (my_cpp_pkg) StderrLine: {'line': b'\x1b[01m\x1b[K/home/abhilash-ts434/Documents/ros2_ws/src/my_cpp_pkg/src/oop_cpp_node.cpp:20:34:\x1b[m\x1b[K \x1b[01;31m\x1b[Kerror: \x1b[m\x1b[K\xe2\x80\x98\x1b[01m\x1b[KMyNode\x1b[m\x1b[K\xe2\x80\x99 was not declared in this scope; did you mean \xe2\x80\x98\x1b[01m\x1b[Knode\x1b[m\x1b[K\xe2\x80\x99?\n'}
[1.638325] (my_cpp_pkg) StderrLine: {'line': b'   20 |     auto node = std::make_shared<\x1b[01;31m\x1b[KMyNode\x1b[m\x1b[K>();\n'}
[1.638369] (my_cpp_pkg) StderrLine: {'line': b'      |                                  \x1b[01;31m\x1b[K^~~~~~\x1b[m\x1b[K\n'}
[1.638406] (my_cpp_pkg) StderrLine: {'line': b'      |                                  \x1b[32m\x1b[Knode\x1b[m\x1b[K\n'}
[1.638440] (my_cpp_pkg) StderrLine: {'line': b'\x1b[01m\x1b[K/home/abhilash-ts434/Documents/ros2_ws/src/my_cpp_pkg/src/oop_cpp_node.cpp:20:41:\x1b[m\x1b[K \x1b[01;31m\x1b[Kerror: \x1b[m\x1b[Kno matching function for call to \xe2\x80\x98\x1b[01m\x1b[Kmake_shared<<expression error> >()\x1b[m\x1b[K\xe2\x80\x99\n'}
[1.638487] (my_cpp_pkg) StderrLine: {'line': b'   20 |     auto node = \x1b[01;31m\x1b[Kstd::make_shared<MyNode>()\x1b[m\x1b[K;\n'}
[1.638522] (my_cpp_pkg) StderrLine: {'line': b'      |                 \x1b[01;31m\x1b[K~~~~~~~~~~~~~~~~~~~~~~~~^~\x1b[m\x1b[K\n'}
[1.646910] (my_cpp_pkg) StderrLine: {'line': b'In file included from \x1b[01m\x1b[K/usr/include/c++/11/memory:77\x1b[m\x1b[K,\n'}
[1.646983] (my_cpp_pkg) StderrLine: {'line': b'                 from \x1b[01m\x1b[K/opt/ros/humble/include/rclcpp/rclcpp/rclcpp.hpp:153\x1b[m\x1b[K,\n'}
[1.647025] (my_cpp_pkg) StderrLine: {'line': b'                 from \x1b[01m\x1b[K/home/abhilash-ts434/Documents/ros2_ws/src/my_cpp_pkg/src/oop_cpp_node.cpp:3\x1b[m\x1b[K:\n'}
[1.647062] (my_cpp_pkg) StderrLine: {'line': b'\x1b[01m\x1b[K/usr/include/c++/11/bits/shared_ptr.h:875:5:\x1b[m\x1b[K \x1b[01;36m\x1b[Knote: \x1b[m\x1b[Kcandidate: \xe2\x80\x98\x1b[01m\x1b[Ktemplate<class _Tp, class ... _Args> std::shared_ptr<_Tp> std::make_shared(_Args&& ...)\x1b[m\x1b[K\xe2\x80\x99\n'}
[1.647104] (my_cpp_pkg) StderrLine: {'line': b'  875 |     \x1b[01;36m\x1b[Kmake_shared\x1b[m\x1b[K(_Args&&... __args)\n'}
[1.647139] (my_cpp_pkg) StderrLine: {'line': b'      |     \x1b[01;36m\x1b[K^~~~~~~~~~~\x1b[m\x1b[K\n'}
[1.647174] (my_cpp_pkg) StderrLine: {'line': b'\x1b[01m\x1b[K/usr/include/c++/11/bits/shared_ptr.h:875:5:\x1b[m\x1b[K \x1b[01;36m\x1b[Knote: \x1b[m\x1b[K  template argument deduction/substitution failed:\n'}
[1.647209] (my_cpp_pkg) StderrLine: {'line': b'\x1b[01m\x1b[K/home/abhilash-ts434/Documents/ros2_ws/src/my_cpp_pkg/src/oop_cpp_node.cpp:20:41:\x1b[m\x1b[K \x1b[01;31m\x1b[Kerror: \x1b[m\x1b[Ktemplate argument 1 is invalid\n'}
[1.647243] (my_cpp_pkg) StderrLine: {'line': b'   20 |     auto node = \x1b[01;31m\x1b[Kstd::make_shared<MyNode>()\x1b[m\x1b[K;\n'}
[1.647277] (my_cpp_pkg) StderrLine: {'line': b'      |                 \x1b[01;31m\x1b[K~~~~~~~~~~~~~~~~~~~~~~~~^~\x1b[m\x1b[K\n'}
[1.704682] (-) TimerEvent: {}
[1.805011] (-) TimerEvent: {}
[1.899132] (my_cpp_pkg) StderrLine: {'line': b'gmake[2]: *** [CMakeFiles/oop_node.dir/build.make:76: CMakeFiles/oop_node.dir/src/oop_cpp_node.cpp.o] Error 1\n'}
[1.899469] (my_cpp_pkg) StderrLine: {'line': b'gmake[1]: *** [CMakeFiles/Makefile2:165: CMakeFiles/oop_node.dir/all] Error 2\n'}
[1.899952] (my_cpp_pkg) StderrLine: {'line': b'gmake: *** [Makefile:146: all] Error 2\n'}
[1.902006] (my_cpp_pkg) CommandEnded: {'returncode': 2}
[1.905128] (-) TimerEvent: {}
[1.909395] (my_cpp_pkg) JobEnded: {'identifier': 'my_cpp_pkg', 'rc': 2}
[1.919786] (-) EventReactorShutdown: {}
