[0.013s] Invoking command in '/home/abhilash-ts434/Documents/ros2_ws/build/my_cpp_pkg': CMAKE_PREFIX_PATH=${CMAKE_PREFIX_PATH}:/home/abhilash-ts434/Documents/ros2_ws/install/my_py_pkg:/opt/ros/humble /usr/bin/cmake --build /home/abhilash-ts434/Documents/ros2_ws/build/my_cpp_pkg -- -j16 -l16
[0.030s] -- Found ament_cmake: 1.3.11 (/opt/ros/humble/share/ament_cmake/cmake)
[0.108s] -- Found rclcpp: 16.0.11 (/opt/ros/humble/share/rclcpp/cmake)
[0.125s] -- Found rosidl_generator_c: 3.1.6 (/opt/ros/humble/share/rosidl_generator_c/cmake)
[0.127s] -- Found rosidl_adapter: 3.1.6 (/opt/ros/humble/share/rosidl_adapter/cmake)
[0.130s] -- Found rosidl_generator_cpp: 3.1.6 (/opt/ros/humble/share/rosidl_generator_cpp/cmake)
[0.137s] -- Using all available rosidl_typesupport_c: rosidl_typesupport_fastrtps_c;rosidl_typesupport_introspection_c
[0.144s] -- Using all available rosidl_typesupport_cpp: rosidl_typesupport_fastrtps_cpp;rosidl_typesupport_introspection_cpp
[0.162s] -- Found rmw_implementation_cmake: 6.1.2 (/opt/ros/humble/share/rmw_implementation_cmake/cmake)
[0.163s] -- Found rmw_fastrtps_cpp: 6.2.7 (/opt/ros/humble/share/rmw_fastrtps_cpp/cmake)
[0.219s] -- Using RMW implementation 'rmw_fastrtps_cpp' as default
[0.286s] -- Configuring done
[0.287s] [33mCMake Warning (dev) at CMakeLists.txt:12 (add_executable):
[0.287s]   Policy CMP0115 is not set: Source file extensions must be explicit.  Run
[0.287s]   "cmake --help-policy CMP0115" for policy details.  Use the cmake_policy
[0.287s]   command to set the policy and suppress this warning.
[0.287s] 
[0.287s]   File:
[0.287s] 
[0.287s]     /home/abhilash-ts434/Documents/ros2_ws/src/my_cpp_pkg/src/first_cpp_node.cpp
[0.287s] This warning is for project developers.  Use -Wno-dev to suppress it.
[0.287s] [0m
[0.287s] [33mCMake Warning (dev) at CMakeLists.txt:13 (add_executable):
[0.287s]   Policy CMP0115 is not set: Source file extensions must be explicit.  Run
[0.287s]   "cmake --help-policy CMP0115" for policy details.  Use the cmake_policy
[0.287s]   command to set the policy and suppress this warning.
[0.287s] 
[0.288s]   File:
[0.288s] 
[0.288s]     /home/abhilash-ts434/Documents/ros2_ws/src/my_cpp_pkg/src/oop_cpp_node.cpp
[0.288s] This warning is for project developers.  Use -Wno-dev to suppress it.
[0.288s] [0m
[0.293s] -- Generating done
[0.296s] -- Build files have been written to: /home/abhilash-ts434/Documents/ros2_ws/build/my_cpp_pkg
[0.314s] [35m[1mConsolidate compiler generated dependencies of target cpp_node[0m
[0.320s] [ 25%] [32mBuilding CXX object CMakeFiles/oop_node.dir/src/oop_cpp_node.cpp.o[0m
[0.328s] [ 75%] Built target cpp_node
[1.635s] [01m[K/home/abhilash-ts434/Documents/ros2_ws/src/my_cpp_pkg/src/oop_cpp_node.cpp:5:7:[m[K [01;31m[Kerror: [m[Kâ€˜[01m[KMyNode[m[Kâ€™ has not been declared
[1.636s]     5 | class [01;31m[KMyNode[m[K::public rclcpp::Node
[1.636s]       |       [01;31m[K^~~~~~[m[K
[1.636s] [01m[K/home/abhilash-ts434/Documents/ros2_ws/src/my_cpp_pkg/src/oop_cpp_node.cpp:5:15:[m[K [01;31m[Kerror: [m[Kexpected identifier before â€˜[01m[Kpublic[m[Kâ€™
[1.636s]     5 | class MyNode::[01;31m[Kpublic[m[K rclcpp::Node
[1.636s]       |               [01;31m[K^~~~~~[m[K
[1.636s] [01m[K/home/abhilash-ts434/Documents/ros2_ws/src/my_cpp_pkg/src/oop_cpp_node.cpp:5:15:[m[K [01;31m[Kerror: [m[Kexpected unqualified-id before â€˜[01m[Kpublic[m[Kâ€™
[1.638s] [01m[K/home/abhilash-ts434/Documents/ros2_ws/src/my_cpp_pkg/src/oop_cpp_node.cpp:[m[K In function â€˜[01m[Kint main(int, char**)[m[Kâ€™:
[1.638s] [01m[K/home/abhilash-ts434/Documents/ros2_ws/src/my_cpp_pkg/src/oop_cpp_node.cpp:20:34:[m[K [01;31m[Kerror: [m[Kâ€˜[01m[KMyNode[m[Kâ€™ was not declared in this scope; did you mean â€˜[01m[Knode[m[Kâ€™?
[1.638s]    20 |     auto node = std::make_shared<[01;31m[KMyNode[m[K>();
[1.638s]       |                                  [01;31m[K^~~~~~[m[K
[1.638s]       |                                  [32m[Knode[m[K
[1.638s] [01m[K/home/abhilash-ts434/Documents/ros2_ws/src/my_cpp_pkg/src/oop_cpp_node.cpp:20:41:[m[K [01;31m[Kerror: [m[Kno matching function for call to â€˜[01m[Kmake_shared<<expression error> >()[m[Kâ€™
[1.638s]    20 |     auto node = [01;31m[Kstd::make_shared<MyNode>()[m[K;
[1.638s]       |                 [01;31m[K~~~~~~~~~~~~~~~~~~~~~~~~^~[m[K
[1.647s] In file included from [01m[K/usr/include/c++/11/memory:77[m[K,
[1.647s]                  from [01m[K/opt/ros/humble/include/rclcpp/rclcpp/rclcpp.hpp:153[m[K,
[1.647s]                  from [01m[K/home/abhilash-ts434/Documents/ros2_ws/src/my_cpp_pkg/src/oop_cpp_node.cpp:3[m[K:
[1.647s] [01m[K/usr/include/c++/11/bits/shared_ptr.h:875:5:[m[K [01;36m[Knote: [m[Kcandidate: â€˜[01m[Ktemplate<class _Tp, class ... _Args> std::shared_ptr<_Tp> std::make_shared(_Args&& ...)[m[Kâ€™
[1.647s]   875 |     [01;36m[Kmake_shared[m[K(_Args&&... __args)
[1.647s]       |     [01;36m[K^~~~~~~~~~~[m[K
[1.647s] [01m[K/usr/include/c++/11/bits/shared_ptr.h:875:5:[m[K [01;36m[Knote: [m[K  template argument deduction/substitution failed:
[1.647s] [01m[K/home/abhilash-ts434/Documents/ros2_ws/src/my_cpp_pkg/src/oop_cpp_node.cpp:20:41:[m[K [01;31m[Kerror: [m[Ktemplate argument 1 is invalid
[1.647s]    20 |     auto node = [01;31m[Kstd::make_shared<MyNode>()[m[K;
[1.647s]       |                 [01;31m[K~~~~~~~~~~~~~~~~~~~~~~~~^~[m[K
[1.899s] gmake[2]: *** [CMakeFiles/oop_node.dir/build.make:76: CMakeFiles/oop_node.dir/src/oop_cpp_node.cpp.o] Error 1
[1.899s] gmake[1]: *** [CMakeFiles/Makefile2:165: CMakeFiles/oop_node.dir/all] Error 2
[1.900s] gmake: *** [Makefile:146: all] Error 2
[1.902s] Invoked command in '/home/abhilash-ts434/Documents/ros2_ws/build/my_cpp_pkg' returned '2': CMAKE_PREFIX_PATH=${CMAKE_PREFIX_PATH}:/home/abhilash-ts434/Documents/ros2_ws/install/my_py_pkg:/opt/ros/humble /usr/bin/cmake --build /home/abhilash-ts434/Documents/ros2_ws/build/my_cpp_pkg -- -j16 -l16
